#
# A fatal error has been detected by the Java Runtime Environment:
#
#  EXCEPTION_ACCESS_VIOLATION (0xc0000005) at pc=0x0000000180003990, pid=21440, tid=988
#
# JRE version: Java(TM) SE Runtime Environment (13.0.1+9) (build 13.0.1+9)
# Java VM: Java HotSpot(TM) 64-Bit Server VM (13.0.1+9, mixed mode, sharing, tiered, compressed oops, g1 gc, windows-amd64)
# Problematic frame:
# C  [rxtxSerial.dll+0x3990]
#
# No core dump will be written. Minidumps are not enabled by default on client versions of Windows
#
# If you would like to submit a bug report, please visit:
#   http://bugreport.java.com/bugreport/crash.jsp
# The crash happened outside the Java Virtual Machine in native code.
# See problematic frame for where to report the bug.
#

---------------  S U M M A R Y ------------

Command Line: -Dfile.encoding=windows-1252 -Duser.country=BR -Duser.language=pt -Duser.variant jacamo.infra.JaCaMoLauncher architecture_1.jcm

Host: Intel(R) Core(TM) i3-6006U CPU @ 2.00GHz, 4 cores, 3G,  Windows 10 , 64 bit Build 19041 (10.0.19041.1023)
Time: Fri Jul  2 12:05:46 2021 Hora oficial do Brasil elapsed time: 3 seconds (0d 0h 0m 3s)

---------------  T H R E A D  ---------------

Current thread (0x000002854d4fd000):  JavaThread "Thread-22" [_thread_in_native, id=988, stack(0x000000c9f5700000,0x000000c9f5800000)]

Stack: [0x000000c9f5700000,0x000000c9f5800000],  sp=0x000000c9f57fe350,  free space=1016k
Native frames: (J=compiled Java code, j=interpreted, Vv=VM code, C=native code)
C  [rxtxSerial.dll+0x3990]

Java frames: (J=compiled Java code, j=interpreted, Vv=VM code)
j  gnu.io.RXTXPort.readArray([BII)I+0
j  gnu.io.RXTXPort$SerialInputStream.read([BII)I+187
j  sun.nio.cs.StreamDecoder.readBytes()I+135 java.base@13.0.1
j  sun.nio.cs.StreamDecoder.implRead([CII)I+112 java.base@13.0.1
j  sun.nio.cs.StreamDecoder.read([CII)I+180 java.base@13.0.1
j  java.io.InputStreamReader.read([CII)I+7 java.base@13.0.1
j  java.io.BufferedReader.fill()V+145 java.base@13.0.1
j  java.io.BufferedReader.readLine(Z)Ljava/lang/String;+44 java.base@13.0.1
j  java.io.BufferedReader.readLine()Ljava/lang/String;+2 java.base@13.0.1
j  embedded.mas.bridges.RxTxSerial.SerialRxTx.serialEvent(Lgnu/io/SerialPortEvent;)V+74
j  gnu.io.RXTXPort.sendEvent(IZ)Z+382
v  ~StubRoutines::call_stub
j  gnu.io.RXTXPort.eventLoop()V+0
j  gnu.io.RXTXPort$MonitorThread.run()V+12
v  ~StubRoutines::call_stub

siginfo: EXCEPTION_ACCESS_VIOLATION (0xc0000005), reading address 0xfffffffff57ff148


Register to memory mapping:

RIP=0x0000000180003990 rxtxSerial.dll
RAX=
[error occurred during error reporting (printing register info), id 0xc0000005, EXCEPTION_ACCESS_VIOLATION (0xc0000005) at pc=0x00007ffe5316874f]

Registers:
RAX=0x00000000f57ff140, RBX=0x0000000000000000, RCX=0x000000018001d4d5, RDX=0xfffffffffffff665
RSP=0x000000c9f57fe350, RBP=0x00000000ffffffff, RSI=0x000000000000001a, RDI=0x0000000000000000
R8 =0x0000000000000002, R9 =0xfffffffffffff63c, R10=0x00007ffe53241e30, R11=0x8101010101010100
R12=0xfffffffff57ff140, R13=0x0000000000000001, R14=0x000000000000001a, R15=0x0000000000000000
RIP=0x0000000180003990, EFLAGS=0x0000000000010202

Top of Stack: (sp=0x000000c9f57fe350)
0x000000c9f57fe350:   0000000000000000 000000c9f57fe528
0x000000c9f57fe360:   000000000000001a 0000000000000000
0x000000c9f57fe370:   000002854d4fd000 00000000ffffffff
0x000000c9f57fe380:   0000000000000001 0000000000000000
0x000000c9f57fe390:   000002854d4fd310 000000000000001a
0x000000c9f57fe3a0:   000000c9f57fe528 000000018000535a
0x000000c9f57fe3b0:   000002854d6ab1c0 000000c9f57fe528
0x000000c9f57fe3c0:   0000000000000001 000002854d6ab1c0
0x000000c9f57fe3d0:   000002850000001a 000000c9ffffffff
0x000000c9f57fe3e0:   000000c9f57fe530 000000c9f57fe530
0x000000c9f57fe3f0:   000000c9f57fe4f8 00007ffe531faf27
0x000000c9f57fe400:   000000c9f57fe420 000002854d4fd000
0x000000c9f57fe410:   000000000014ab34 0000000000000178
0x000000c9f57fe420:   000002854f737d90 000069848085ce82
0x000000c9f57fe430:   000000c9f57fe530 000002854f737d88
0x000000c9f57fe440:   0000000000000000 00000285386e9c80 

Instructions: (pc=0x0000000180003990)
0x0000000180003890:   48 8d 15 0d 9c 01 00 48 2b d3 66 0f 1f 44 00 00
0x00000001800038a0:   0f b6 0b 0f b6 04 13 2b c8 75 07 48 ff c3 85 c0
0x00000001800038b0:   75 ee 48 8b 07 85 c9 48 8b d6 48 8b cf 75 0b ff
0x00000001800038c0:   90 28 03 00 00 48 8b d8 eb 08 ff 90 20 03 00 00
0x00000001800038d0:   8b d8 48 8b 07 48 8b d5 48 8b cf ff 90 b8 00 00
0x00000001800038e0:   00 48 8d 0d ec 9b 01 00 41 b8 02 00 00 00 49 8b
0x00000001800038f0:   d4 e8 2a 6f 00 00 85 c0 75 19 85 db 75 15 e8 71
0x0000000180003900:   6b 00 00 48 8d 15 ce 9b 01 00 48 8d 48 60 e8 e9
0x0000000180003910:   69 00 00 8b c3 48 8b 5c 24 30 48 8b 6c 24 38 48
0x0000000180003920:   8b 74 24 40 48 8b 7c 24 48 48 83 c4 20 41 5c c3
0x0000000180003930:   cc cc cc cc cc cc cc cc cc cc cc cc cc cc cc cc
0x0000000180003940:   48 89 5c 24 08 4c 89 4c 24 20 44 89 44 24 18 55
0x0000000180003950:   56 57 41 54 41 55 41 56 41 57 48 83 ec 20 48 8b
0x0000000180003960:   12 33 db 4c 8d 0d 82 91 01 00 4c 8d 05 9f 91 01
0x0000000180003970:   00 44 8b fb 8b fb e8 95 fe ff ff 8b ac 24 88 00
0x0000000180003980:   00 00 44 8b b4 24 80 00 00 00 4c 63 e0 41 8b f6
0x0000000180003990:   45 8b 6c 24 08 41 89 5c 24 08 85 ed 78 09 ff 15
0x00000001800039a0:   5c 36 01 00 44 8b f8 45 85 f6 7e 4d 0f 1f 40 00
0x00000001800039b0:   8b c7 ff c7 83 f8 14 7d 40 85 ed 78 0d ff 15 3d
0x00000001800039c0:   36 01 00 41 2b c7 3b c5 7d 2f 8b 4c 24 70 48 63
0x00000001800039d0:   d3 44 8b c6 48 03 54 24 78 e8 22 3d 00 00 85 c0
0x00000001800039e0:   78 33 74 06 03 d8 2b f0 eb 0a b9 e8 03 00 00 e8
0x00000001800039f0:   1c 27 00 00 41 3b de 7c b7 8b c3 45 89 6c 24 08
0x0000000180003a00:   48 8b 5c 24 60 48 83 c4 20 41 5f 41 5e 41 5d 41
0x0000000180003a10:   5c 5f 5e 5d c3 e8 62 6d 00 00 83 38 04 74 05 e8
0x0000000180003a20:   58 6d 00 00 83 c8 ff eb d2 cc cc cc cc cc cc cc
0x0000000180003a30:   40 53 48 83 ec 50 83 79 0c 00 48 8b d9 75 08 33
0x0000000180003a40:   c0 48 83 c4 50 5b c3 8b 09 48 8d 54 24 20 e8 91
0x0000000180003a50:   5c 00 00 85 c0 74 0b b8 01 00 00 00 48 83 c4 50
0x0000000180003a60:   5b c3 8b 0b 4c 8d 43 38 ba 59 54 00 00 48 89 7c
0x0000000180003a70:   24 60 e8 49 4e 00 00 85 c0 74 10 b8 01 00 00 00
0x0000000180003a80:   48 8b 7c 24 60 48 83 c4 50 5b c3 83 7b 38 00 74 


Stack slot to memory mapping:
stack at sp + 0 slots: 0x0 is NULL
stack at sp + 1 slots: 0x000000c9f57fe528 is pointing into the stack for thread: 0x000002854d4fd000
stack at sp + 2 slots: 0x000000000000001a is an unknown value
stack at sp + 3 slots: 0x0 is NULL
stack at sp + 4 slots: 0x000002854d4fd000 is a thread
stack at sp + 5 slots: 
[error occurred during error reporting (inspecting top of stack), id 0xc0000005, EXCEPTION_ACCESS_VIOLATION (0xc0000005) at pc=0x00007ffe5316874f]


---------------  P R O C E S S  ---------------

Threads class SMR info:
_java_thread_list=0x000002854d429f90, length=40, elements={
0x00000285301de800, 0x000002854c13c000, 0x000002854c13d800, 0x000002854c15c800,
0x000002854c15e800, 0x000002854c15f800, 0x000002854c163000, 0x000002854c177800,
0x000002854cbe3000, 0x000002854cbfa000, 0x000002854d17b800, 0x000002854d180000,
0x000002854d183800, 0x000002854d248800, 0x000002854d222000, 0x000002854d4c4800,
0x000002854d4d3000, 0x000002854d4e4800, 0x000002854d4d1000, 0x000002854d533800,
0x000002854d532000, 0x000002854d52f000, 0x000002854d52f800, 0x000002854d52e000,
0x000002854d530800, 0x000002854d534800, 0x000002854d531000, 0x000002854d533000,
0x000002854d4f1000, 0x000002854d4f2800, 0x000002854d4f3800, 0x000002854d4ef800,
0x000002854d4f4000, 0x000002854d4f5000, 0x000002854d4f6000, 0x000002854d4f0000,
0x000002854d4f6800, 0x000002854d4f7800, 0x000002854d4f2000, 0x000002854d4fd000
}

Java Threads: ( => current thread )
  0x00000285301de800 JavaThread "main" [_thread_blocked, id=18812, stack(0x000000c9f2100000,0x000000c9f2200000)]
  0x000002854c13c000 JavaThread "Reference Handler" daemon [_thread_blocked, id=7724, stack(0x000000c9f2800000,0x000000c9f2900000)]
  0x000002854c13d800 JavaThread "Finalizer" daemon [_thread_blocked, id=20644, stack(0x000000c9f2900000,0x000000c9f2a00000)]
  0x000002854c15c800 JavaThread "Signal Dispatcher" daemon [_thread_blocked, id=15552, stack(0x000000c9f2a00000,0x000000c9f2b00000)]
  0x000002854c15e800 JavaThread "Attach Listener" daemon [_thread_blocked, id=20960, stack(0x000000c9f2b00000,0x000000c9f2c00000)]
  0x000002854c15f800 JavaThread "C2 CompilerThread0" daemon [_thread_blocked, id=9716, stack(0x000000c9f2c00000,0x000000c9f2d00000)]
  0x000002854c163000 JavaThread "C1 CompilerThread0" daemon [_thread_blocked, id=4280, stack(0x000000c9f2d00000,0x000000c9f2e00000)]
  0x000002854c177800 JavaThread "Sweeper thread" daemon [_thread_blocked, id=10848, stack(0x000000c9f2e00000,0x000000c9f2f00000)]
  0x000002854cbe3000 JavaThread "Service Thread" daemon [_thread_blocked, id=21376, stack(0x000000c9f2f00000,0x000000c9f3000000)]
  0x000002854cbfa000 JavaThread "Common-Cleaner" daemon [_thread_blocked, id=13496, stack(0x000000c9f3100000,0x000000c9f3200000)]
  0x000002854d17b800 JavaThread "Java2D Disposer" daemon [_thread_blocked, id=11844, stack(0x000000c9f3200000,0x000000c9f3300000)]
  0x000002854d180000 JavaThread "AWT-Shutdown" [_thread_blocked, id=9052, stack(0x000000c9f3300000,0x000000c9f3400000)]
  0x000002854d183800 JavaThread "AWT-Windows" daemon [_thread_in_native, id=20704, stack(0x000000c9f3400000,0x000000c9f3500000)]
  0x000002854d248800 JavaThread "AWT-EventQueue-0" [_thread_blocked, id=21156, stack(0x000000c9f3500000,0x000000c9f3600000)]
  0x000002854d222000 JavaThread "Image Fetcher 0" daemon [_thread_blocked, id=19220, stack(0x000000c9f3600000,0x000000c9f3700000)]
  0x000002854d4c4800 JavaThread "server-timer" daemon [_thread_blocked, id=6928, stack(0x000000c9f3f00000,0x000000c9f4000000)]
  0x000002854d4d3000 JavaThread "HTTP-Dispatcher" [_thread_in_native, id=18804, stack(0x000000c9f4000000,0x000000c9f4100000)]
  0x000002854d4e4800 JavaThread "TimerQueue" daemon [_thread_blocked, id=6920, stack(0x000000c9f4100000,0x000000c9f4200000)]
  0x000002854d4d1000 JavaThread "Thread-1" [_thread_blocked, id=14396, stack(0x000000c9f4200000,0x000000c9f4300000)]
  0x000002854d533800 JavaThread "Thread-2" [_thread_blocked, id=10028, stack(0x000000c9f4300000,0x000000c9f4400000)]
  0x000002854d532000 JavaThread "Thread-3" [_thread_blocked, id=15208, stack(0x000000c9f4400000,0x000000c9f4500000)]
  0x000002854d52f000 JavaThread "Thread-4" [_thread_blocked, id=18396, stack(0x000000c9f4500000,0x000000c9f4600000)]
  0x000002854d52f800 JavaThread "Thread-5" [_thread_blocked, id=17680, stack(0x000000c9f4600000,0x000000c9f4700000)]
  0x000002854d52e000 JavaThread "Thread-6" [_thread_blocked, id=3288, stack(0x000000c9f4700000,0x000000c9f4800000)]
  0x000002854d530800 JavaThread "Thread-7" [_thread_blocked, id=4412, stack(0x000000c9f4800000,0x000000c9f4900000)]
  0x000002854d534800 JavaThread "Thread-8" [_thread_blocked, id=1480, stack(0x000000c9f4900000,0x000000c9f4a00000)]
  0x000002854d531000 JavaThread "Thread-9" [_thread_blocked, id=10812, stack(0x000000c9f4a00000,0x000000c9f4b00000)]
  0x000002854d533000 JavaThread "Thread-10" [_thread_blocked, id=18852, stack(0x000000c9f4b00000,0x000000c9f4c00000)]
  0x000002854d4f1000 JavaThread "Thread-11" [_thread_blocked, id=15896, stack(0x000000c9f4c00000,0x000000c9f4d00000)]
  0x000002854d4f2800 JavaThread "Thread-12" [_thread_blocked, id=16132, stack(0x000000c9f4d00000,0x000000c9f4e00000)]
  0x000002854d4f3800 JavaThread "Thread-13" [_thread_blocked, id=11716, stack(0x000000c9f4e00000,0x000000c9f4f00000)]
  0x000002854d4ef800 JavaThread "Thread-14" [_thread_blocked, id=13936, stack(0x000000c9f4f00000,0x000000c9f5000000)]
  0x000002854d4f4000 JavaThread "Thread-15" [_thread_blocked, id=6464, stack(0x000000c9f5000000,0x000000c9f5100000)]
  0x000002854d4f5000 JavaThread "Thread-16" [_thread_blocked, id=17944, stack(0x000000c9f5100000,0x000000c9f5200000)]
  0x000002854d4f6000 JavaThread "Thread-17" [_thread_blocked, id=12584, stack(0x000000c9f5200000,0x000000c9f5300000)]
  0x000002854d4f0000 JavaThread "Thread-18" [_thread_blocked, id=19548, stack(0x000000c9f5300000,0x000000c9f5400000)]
  0x000002854d4f6800 JavaThread "Thread-19" [_thread_blocked, id=19740, stack(0x000000c9f5400000,0x000000c9f5500000)]
  0x000002854d4f7800 JavaThread "Thread-20" [_thread_blocked, id=6116, stack(0x000000c9f5500000,0x000000c9f5600000)]
  0x000002854d4f2000 JavaThread "Thread-21" [_thread_blocked, id=11180, stack(0x000000c9f5600000,0x000000c9f5700000)]
=>0x000002854d4fd000 JavaThread "Thread-22" [_thread_in_native, id=988, stack(0x000000c9f5700000,0x000000c9f5800000)]

Other Threads:
  0x000002854c137000 VMThread "VM Thread" [stack: 0x000000c9f2700000,0x000000c9f2800000] [id=12024]
  0x000002854cbd7000 WatcherThread [stack: 0x000000c9f3000000,0x000000c9f3100000] [id=6220]
  0x0000028530211000 GCTaskThread "GC Thread#0" [stack: 0x000000c9f2200000,0x000000c9f2300000] [id=7764]
  0x000002854d44c800 GCTaskThread "GC Thread#1" [stack: 0x000000c9f3a00000,0x000000c9f3b00000] [id=6504]
  0x000002854d470800 GCTaskThread "GC Thread#2" [stack: 0x000000c9f3b00000,0x000000c9f3c00000] [id=16680]
  0x000002854d472000 GCTaskThread "GC Thread#3" [stack: 0x000000c9f3c00000,0x000000c9f3d00000] [id=11208]
  0x000002853021a000 ConcurrentGCThread "G1 Main Marker" [stack: 0x000000c9f2300000,0x000000c9f2400000] [id=2060]
  0x000002853021c000 ConcurrentGCThread "G1 Conc#0" [stack: 0x000000c9f2400000,0x000000c9f2500000] [id=7772]
  0x0000028530262800 ConcurrentGCThread "G1 Refine#0" [stack: 0x000000c9f2500000,0x000000c9f2600000] [id=14988]
  0x000002854cd32000 ConcurrentGCThread "G1 Refine#1" [stack: 0x000000c9f3d00000,0x000000c9f3e00000] [id=19952]
  0x000002854d4b9000 ConcurrentGCThread "G1 Refine#2" [stack: 0x000000c9f3e00000,0x000000c9f3f00000] [id=17032]
  0x0000028530263800 ConcurrentGCThread "G1 Young RemSet Sampling" [stack: 0x000000c9f2600000,0x000000c9f2700000] [id=5896]

Threads with active compile tasks:

VM state:not at safepoint (normal execution)

VM Mutex/Monitor currently owned by a thread: None

Heap address: 0x00000000c2000000, size: 992 MB, Compressed Oops mode: 32-bit
Narrow klass base: 0x0000000800000000, Narrow klass shift: 3
Compressed class space size: 1073741824 Address: 0x0000000800b40000

Heap:
 garbage-first heap   total 63488K, used 10242K [0x00000000c2000000, 0x0000000100000000)
  region size 1024K, 3 young (3072K), 1 survivors (1024K)
 Metaspace       used 13966K, capacity 14388K, committed 14592K, reserved 1062912K
  class space    used 1593K, capacity 1748K, committed 1792K, reserved 1048576K
Heap Regions: E=young(eden), S=young(survivor), O=old, HS=humongous(starts), HC=humongous(continues), CS=collection set, F=free, A=archive, TAMS=top-at-mark-start (previous, next)
|   0|0x00000000c2000000, 0x00000000c2100000, 0x00000000c2100000|100%|HS|  |TAMS 0x00000000c2000000, 0x00000000c2000000| Complete 
|   1|0x00000000c2100000, 0x00000000c2200000, 0x00000000c2200000|100%|HC|  |TAMS 0x00000000c2100000, 0x00000000c2100000| Complete 
|   2|0x00000000c2200000, 0x00000000c2300000, 0x00000000c2300000|100%|HC|  |TAMS 0x00000000c2200000, 0x00000000c2200000| Complete 
|   3|0x00000000c2300000, 0x00000000c2400000, 0x00000000c2400000|100%| O|  |TAMS 0x00000000c2300000, 0x00000000c2300000| Untracked 
|   4|0x00000000c2400000, 0x00000000c2500000, 0x00000000c2500000|100%| O|  |TAMS 0x00000000c2400000, 0x00000000c2400000| Untracked 
|   5|0x00000000c2500000, 0x00000000c2600000, 0x00000000c2600000|100%| O|  |TAMS 0x00000000c2500000, 0x00000000c2500000| Untracked 
|   6|0x00000000c2600000, 0x00000000c2700000, 0x00000000c2700000|100%| O|  |TAMS 0x00000000c2600000, 0x00000000c2600000| Untracked 
|   7|0x00000000c2700000, 0x00000000c2800000, 0x00000000c2800000|100%| O|  |TAMS 0x00000000c2700000, 0x00000000c2700000| Untracked 
|   8|0x00000000c2800000, 0x00000000c28af800, 0x00000000c2900000| 68%| O|  |TAMS 0x00000000c2800000, 0x00000000c2800000| Untracked 
|   9|0x00000000c2900000, 0x00000000c2900000, 0x00000000c2a00000|  0%| F|  |TAMS 0x00000000c2900000, 0x00000000c2900000| Untracked 
|  10|0x00000000c2a00000, 0x00000000c2a00000, 0x00000000c2b00000|  0%| F|  |TAMS 0x00000000c2a00000, 0x00000000c2a00000| Untracked 
|  11|0x00000000c2b00000, 0x00000000c2b00000, 0x00000000c2c00000|  0%| F|  |TAMS 0x00000000c2b00000, 0x00000000c2b00000| Untracked 
|  12|0x00000000c2c00000, 0x00000000c2c00000, 0x00000000c2d00000|  0%| F|  |TAMS 0x00000000c2c00000, 0x00000000c2c00000| Untracked 
|  13|0x00000000c2d00000, 0x00000000c2d00000, 0x00000000c2e00000|  0%| F|  |TAMS 0x00000000c2d00000, 0x00000000c2d00000| Untracked 
|  14|0x00000000c2e00000, 0x00000000c2e00000, 0x00000000c2f00000|  0%| F|  |TAMS 0x00000000c2e00000, 0x00000000c2e00000| Untracked 
|  15|0x00000000c2f00000, 0x00000000c2f00000, 0x00000000c3000000|  0%| F|  |TAMS 0x00000000c2f00000, 0x00000000c2f00000| Untracked 
|  16|0x00000000c3000000, 0x00000000c3000000, 0x00000000c3100000|  0%| F|  |TAMS 0x00000000c3000000, 0x00000000c3000000| Untracked 
|  17|0x00000000c3100000, 0x00000000c3100000, 0x00000000c3200000|  0%| F|  |TAMS 0x00000000c3100000, 0x00000000c3100000| Untracked 
|  18|0x00000000c3200000, 0x00000000c3200000, 0x00000000c3300000|  0%| F|  |TAMS 0x00000000c3200000, 0x00000000c3200000| Untracked 
|  19|0x00000000c3300000, 0x00000000c3300000, 0x00000000c3400000|  0%| F|  |TAMS 0x00000000c3300000, 0x00000000c3300000| Untracked 
|  20|0x00000000c3400000, 0x00000000c3400000, 0x00000000c3500000|  0%| F|  |TAMS 0x00000000c3400000, 0x00000000c3400000| Untracked 
|  21|0x00000000c3500000, 0x00000000c3500000, 0x00000000c3600000|  0%| F|  |TAMS 0x00000000c3500000, 0x00000000c3500000| Untracked 
|  22|0x00000000c3600000, 0x00000000c3600000, 0x00000000c3700000|  0%| F|  |TAMS 0x00000000c3600000, 0x00000000c3600000| Untracked 
|  23|0x00000000c3700000, 0x00000000c3700000, 0x00000000c3800000|  0%| F|  |TAMS 0x00000000c3700000, 0x00000000c3700000| Untracked 
|  24|0x00000000c3800000, 0x00000000c3800000, 0x00000000c3900000|  0%| F|  |TAMS 0x00000000c3800000, 0x00000000c3800000| Untracked 
|  25|0x00000000c3900000, 0x00000000c3900000, 0x00000000c3a00000|  0%| F|  |TAMS 0x00000000c3900000, 0x00000000c3900000| Untracked 
|  26|0x00000000c3a00000, 0x00000000c3a00000, 0x00000000c3b00000|  0%| F|  |TAMS 0x00000000c3a00000, 0x00000000c3a00000| Untracked 
|  27|0x00000000c3b00000, 0x00000000c3b00000, 0x00000000c3c00000|  0%| F|  |TAMS 0x00000000c3b00000, 0x00000000c3b00000| Untracked 
|  28|0x00000000c3c00000, 0x00000000c3c00000, 0x00000000c3d00000|  0%| F|  |TAMS 0x00000000c3c00000, 0x00000000c3c00000| Untracked 
|  29|0x00000000c3d00000, 0x00000000c3d00000, 0x00000000c3e00000|  0%| F|  |TAMS 0x00000000c3d00000, 0x00000000c3d00000| Untracked 
|  30|0x00000000c3e00000, 0x00000000c3e00000, 0x00000000c3f00000|  0%| F|  |TAMS 0x00000000c3e00000, 0x00000000c3e00000| Untracked 
|  31|0x00000000c3f00000, 0x00000000c3f00000, 0x00000000c4000000|  0%| F|  |TAMS 0x00000000c3f00000, 0x00000000c3f00000| Untracked 
|  32|0x00000000c4000000, 0x00000000c4000000, 0x00000000c4100000|  0%| F|  |TAMS 0x00000000c4000000, 0x00000000c4000000| Untracked 
|  33|0x00000000c4100000, 0x00000000c4100000, 0x00000000c4200000|  0%| F|  |TAMS 0x00000000c4100000, 0x00000000c4100000| Untracked 
|  34|0x00000000c4200000, 0x00000000c4200000, 0x00000000c4300000|  0%| F|  |TAMS 0x00000000c4200000, 0x00000000c4200000| Untracked 
|  35|0x00000000c4300000, 0x00000000c4300000, 0x00000000c4400000|  0%| F|  |TAMS 0x00000000c4300000, 0x00000000c4300000| Untracked 
|  36|0x00000000c4400000, 0x00000000c4400000, 0x00000000c4500000|  0%| F|  |TAMS 0x00000000c4400000, 0x00000000c4400000| Untracked 
|  37|0x00000000c4500000, 0x00000000c4500000, 0x00000000c4600000|  0%| F|  |TAMS 0x00000000c4500000, 0x00000000c4500000| Untracked 
|  38|0x00000000c4600000, 0x00000000c4600000, 0x00000000c4700000|  0%| F|  |TAMS 0x00000000c4600000, 0x00000000c4600000| Untracked 
|  39|0x00000000c4700000, 0x00000000c4700000, 0x00000000c4800000|  0%| F|  |TAMS 0x00000000c4700000, 0x00000000c4700000| Untracked 
|  40|0x00000000c4800000, 0x00000000c4800000, 0x00000000c4900000|  0%| F|  |TAMS 0x00000000c4800000, 0x00000000c4800000| Untracked 
|  41|0x00000000c4900000, 0x00000000c4900000, 0x00000000c4a00000|  0%| F|  |TAMS 0x00000000c4900000, 0x00000000c4900000| Untracked 
|  42|0x00000000c4a00000, 0x00000000c4a00000, 0x00000000c4b00000|  0%| F|  |TAMS 0x00000000c4a00000, 0x00000000c4a00000| Untracked 
|  43|0x00000000c4b00000, 0x00000000c4b00000, 0x00000000c4c00000|  0%| F|  |TAMS 0x00000000c4b00000, 0x00000000c4b00000| Untracked 
|  44|0x00000000c4c00000, 0x00000000c4c00000, 0x00000000c4d00000|  0%| F|  |TAMS 0x00000000c4c00000, 0x00000000c4c00000| Untracked 
|  45|0x00000000c4d00000, 0x00000000c4d00000, 0x00000000c4e00000|  0%| F|  |TAMS 0x00000000c4d00000, 0x00000000c4d00000| Untracked 
|  46|0x00000000c4e00000, 0x00000000c4e00000, 0x00000000c4f00000|  0%| F|  |TAMS 0x00000000c4e00000, 0x00000000c4e00000| Untracked 
|  47|0x00000000c4f00000, 0x00000000c4f00000, 0x00000000c5000000|  0%| F|  |TAMS 0x00000000c4f00000, 0x00000000c4f00000| Untracked 
|  48|0x00000000c5000000, 0x00000000c5000000, 0x00000000c5100000|  0%| F|  |TAMS 0x00000000c5000000, 0x00000000c5000000| Untracked 
|  49|0x00000000c5100000, 0x00000000c5100000, 0x00000000c5200000|  0%| F|  |TAMS 0x00000000c5100000, 0x00000000c5100000| Untracked 
|  50|0x00000000c5200000, 0x00000000c5200000, 0x00000000c5300000|  0%| F|  |TAMS 0x00000000c5200000, 0x00000000c5200000| Untracked 
|  51|0x00000000c5300000, 0x00000000c5300000, 0x00000000c5400000|  0%| F|  |TAMS 0x00000000c5300000, 0x00000000c5300000| Untracked 
|  52|0x00000000c5400000, 0x00000000c5400000, 0x00000000c5500000|  0%| F|  |TAMS 0x00000000c5400000, 0x00000000c5400000| Untracked 
|  53|0x00000000c5500000, 0x00000000c5500000, 0x00000000c5600000|  0%| F|  |TAMS 0x00000000c5500000, 0x00000000c5500000| Untracked 
|  54|0x00000000c5600000, 0x00000000c5600000, 0x00000000c5700000|  0%| F|  |TAMS 0x00000000c5600000, 0x00000000c5600000| Untracked 
|  55|0x00000000c5700000, 0x00000000c5751380, 0x00000000c5800000| 31%| S|CS|TAMS 0x00000000c5700000, 0x00000000c5700000| Complete 
|  56|0x00000000c5800000, 0x00000000c5800000, 0x00000000c5900000|  0%| F|  |TAMS 0x00000000c5800000, 0x00000000c5800000| Untracked 
|  57|0x00000000c5900000, 0x00000000c5900000, 0x00000000c5a00000|  0%| F|  |TAMS 0x00000000c5900000, 0x00000000c5900000| Untracked 
|  58|0x00000000c5a00000, 0x00000000c5a00000, 0x00000000c5b00000|  0%| F|  |TAMS 0x00000000c5a00000, 0x00000000c5a00000| Untracked 
|  59|0x00000000c5b00000, 0x00000000c5b00000, 0x00000000c5c00000|  0%| F|  |TAMS 0x00000000c5b00000, 0x00000000c5b00000| Untracked 
|  60|0x00000000c5c00000, 0x00000000c5cab740, 0x00000000c5d00000| 66%| E|  |TAMS 0x00000000c5c00000, 0x00000000c5c00000| Complete 
|  61|0x00000000c5d00000, 0x00000000c5e00000, 0x00000000c5e00000|100%| E|CS|TAMS 0x00000000c5d00000, 0x00000000c5d00000| Complete 

Card table byte_map: [0x00000285478d0000,0x0000028547ac0000] _byte_map_base: 0x00000285472c0000

Marking Bits (Prev, Next): (CMBitMap*) 0x0000028530211948, (CMBitMap*) 0x0000028530211988
 Prev Bits: [0x0000028547cb0000, 0x0000028548c30000)
 Next Bits: [0x0000028548c30000, 0x0000028549bb0000)

Polling page: 0x000002852dfc0000

Metaspace:

Usage:
  Non-class:     12.34 MB capacity,    12.08 MB ( 98%) used,   235.93 KB (  2%) free+waste,    31.94 KB ( <1%) overhead. 
      Class:      1.71 MB capacity,     1.56 MB ( 91%) used,   135.34 KB (  8%) free+waste,    18.69 KB (  1%) overhead. 
       Both:     14.05 MB capacity,    13.64 MB ( 97%) used,   371.27 KB (  3%) free+waste,    50.63 KB ( <1%) overhead. 

Virtual space:
  Non-class space:       14.00 MB reserved,      12.50 MB ( 89%) committed 
      Class space:        1.00 GB reserved,       1.75 MB ( <1%) committed 
             Both:        1.01 GB reserved,      14.25 MB (  1%) committed 

Chunk freelists:
   Non-Class:  32.00 KB
       Class:  12.00 KB
        Both:  44.00 KB

MaxMetaspaceSize: 17179869184.00 GB
CompressedClassSpaceSize: 1.00 GB

CodeHeap 'non-profiled nmethods': size=120064Kb used=461Kb max_used=461Kb free=119602Kb
 bounds [0x00000285401a0000, 0x0000028540410000, 0x00000285476e0000]
CodeHeap 'profiled nmethods': size=120000Kb used=2658Kb max_used=2658Kb free=117341Kb
 bounds [0x0000028538c70000, 0x0000028538f10000, 0x00000285401a0000]
CodeHeap 'non-nmethods': size=5696Kb used=1346Kb max_used=1360Kb free=4350Kb
 bounds [0x00000285386e0000, 0x0000028538950000, 0x0000028538c70000]
 total_blobs=2629 nmethods=1458 adapters=555
 compilation: enabled
              stopped_count=0, restarted_count=0
 full_count=0

Compilation events (20 events):
Event: 3.021 Thread 0x000002854c163000 1435       3       javax.swing.SwingUtilities::computeIntersection (189 bytes)
Event: 3.022 Thread 0x000002854c163000 nmethod 1435 0x0000028538efad10 code [0x0000028538efaec0, 0x0000028538efb218]
Event: 3.022 Thread 0x000002854c163000 1429       3       java.util.concurrent.locks.ReentrantLock::unlock (10 bytes)
Event: 3.022 Thread 0x000002854c163000 nmethod 1429 0x0000028538efb310 code [0x0000028538efb4e0, 0x0000028538efb8a0]
Event: 3.022 Thread 0x000002854c163000 1433       3       java.awt.font.FontRenderContext::hashCode (71 bytes)
Event: 3.023 Thread 0x000002854c163000 nmethod 1433 0x0000028538efba10 code [0x0000028538efbc60, 0x0000028538efc690]
Event: 3.023 Thread 0x000002854c163000 1434       3       sun.font.FontDesignMetrics::getDefaultFrc (53 bytes)
Event: 3.025 Thread 0x000002854c163000 nmethod 1434 0x0000028538efc910 code [0x0000028538efcba0, 0x0000028538efd840]
Event: 3.025 Thread 0x000002854c163000 1436       3       sun.swing.SwingUtilities2$KeyPair::hashCode (19 bytes)
Event: 3.025 Thread 0x000002854c163000 nmethod 1436 0x0000028538efdc10 code [0x0000028538efdde0, 0x0000028538efe120]
Event: 3.025 Thread 0x000002854c163000 1439       3       javax.swing.text.GapContent$MarkData::getOffset (46 bytes)
Event: 3.026 Thread 0x000002854c163000 nmethod 1439 0x0000028538efe210 code [0x0000028538efe3c0, 0x0000028538efe678]
Event: 3.026 Thread 0x000002854c163000 1438       3       sun.swing.SwingUtilities2::getFRCProperty (38 bytes)
Event: 3.026 Thread 0x000002854c163000 nmethod 1438 0x0000028538efe790 code [0x0000028538efe980, 0x0000028538efedd0]
Event: 3.026 Thread 0x000002854c163000 1437       3       sun.swing.SwingUtilities2$KeyPair::equals (48 bytes)
Event: 3.027 Thread 0x000002854c163000 nmethod 1437 0x0000028538efef10 code [0x0000028538eff100, 0x0000028538eff740]
Event: 3.027 Thread 0x000002854c163000 1441       3       sun.java2d.SunGraphics2D::invalidatePipe (41 bytes)
Event: 3.027 Thread 0x000002854c163000 nmethod 1441 0x0000028538eff890 code [0x0000028538effa40, 0x0000028538effdd8]
Event: 3.027 Thread 0x000002854c163000 1440       1       sun.java2d.loops.RenderCache$Entry::getValue (5 bytes)
Event: 3.027 Thread 0x000002854c163000 nmethod 1440 0x0000028540212590 code [0x0000028540212720, 0x0000028540212858]

GC Heap History (4 events):
Event: 2.530 GC heap before
{Heap before GC invocations=0 (full 0):
 garbage-first heap   total 63488K, used 16384K [0x00000000c2000000, 0x0000000100000000)
  region size 1024K, 14 young (14336K), 0 survivors (0K)
 Metaspace       used 12334K, capacity 12657K, committed 12928K, reserved 1060864K
  class space    used 1408K, capacity 1577K, committed 1664K, reserved 1048576K
}
Event: 2.542 GC heap after
{Heap after GC invocations=1 (full 0):
 garbage-first heap   total 63488K, used 8412K [0x00000000c2000000, 0x0000000100000000)
  region size 1024K, 2 young (2048K), 2 survivors (2048K)
 Metaspace       used 12334K, capacity 12657K, committed 12928K, reserved 1060864K
  class space    used 1408K, capacity 1577K, committed 1664K, reserved 1048576K
}
Event: 2.869 GC heap before
{Heap before GC invocations=1 (full 0):
 garbage-first heap   total 63488K, used 14556K [0x00000000c2000000, 0x0000000100000000)
  region size 1024K, 8 young (8192K), 2 survivors (2048K)
 Metaspace       used 13561K, capacity 13971K, committed 14080K, reserved 1060864K
  class space    used 1556K, capacity 1716K, committed 1792K, reserved 1048576K
}
Event: 2.874 GC heap after
{Heap after GC invocations=2 (full 0):
 garbage-first heap   total 63488K, used 9218K [0x00000000c2000000, 0x0000000100000000)
  region size 1024K, 1 young (1024K), 1 survivors (1024K)
 Metaspace       used 13561K, capacity 13971K, committed 14080K, reserved 1060864K
  class space    used 1556K, capacity 1716K, committed 1792K, reserved 1048576K
}

Deoptimization events (20 events):
Event: 2.748 Thread 0x00000285301de800 Uncommon trap: trap_request=0xffffffc6 fr.pc=0x0000028540201210 relative=0x00000000000005b0
Event: 2.748 Thread 0x00000285301de800 Uncommon trap: reason=bimorphic_or_optimized_type_check action=maybe_recompile pc=0x0000028540201210 method=java.util.concurrent.ConcurrentHashMap.get(Ljava/lang/Object;)Ljava/lang/Object; @ 149 c2
Event: 2.748 Thread 0x00000285301de800 DEOPT PACKING pc=0x0000028540201210 sp=0x000000c9f21fe150
Event: 2.748 Thread 0x00000285301de800 DEOPT UNPACKING pc=0x000002853872912f sp=0x000000c9f21fe0f0 mode 2
Event: 2.748 Thread 0x00000285301de800 Uncommon trap: trap_request=0xffffffc6 fr.pc=0x0000028540201210 relative=0x00000000000005b0
Event: 2.748 Thread 0x00000285301de800 Uncommon trap: reason=bimorphic_or_optimized_type_check action=maybe_recompile pc=0x0000028540201210 method=java.util.concurrent.ConcurrentHashMap.get(Ljava/lang/Object;)Ljava/lang/Object; @ 149 c2
Event: 2.748 Thread 0x00000285301de800 DEOPT PACKING pc=0x0000028540201210 sp=0x000000c9f21fe150
Event: 2.748 Thread 0x00000285301de800 DEOPT UNPACKING pc=0x000002853872912f sp=0x000000c9f21fe0f0 mode 2
Event: 2.748 Thread 0x00000285301de800 Uncommon trap: trap_request=0xffffffc6 fr.pc=0x0000028540201210 relative=0x00000000000005b0
Event: 2.748 Thread 0x00000285301de800 Uncommon trap: reason=bimorphic_or_optimized_type_check action=maybe_recompile pc=0x0000028540201210 method=java.util.concurrent.ConcurrentHashMap.get(Ljava/lang/Object;)Ljava/lang/Object; @ 149 c2
Event: 2.748 Thread 0x00000285301de800 DEOPT PACKING pc=0x0000028540201210 sp=0x000000c9f21fe150
Event: 2.748 Thread 0x00000285301de800 DEOPT UNPACKING pc=0x000002853872912f sp=0x000000c9f21fe0f0 mode 2
Event: 2.797 Thread 0x00000285301de800 DEOPT PACKING pc=0x0000028538ca4f3b sp=0x000000c9f21f9940
Event: 2.797 Thread 0x00000285301de800 DEOPT UNPACKING pc=0x000002853872964e sp=0x000000c9f21f8db8 mode 0
Event: 2.909 Thread 0x00000285301de800 DEOPT PACKING pc=0x0000028538ca4f3b sp=0x000000c9f21fa2a0
Event: 2.909 Thread 0x00000285301de800 DEOPT UNPACKING pc=0x000002853872964e sp=0x000000c9f21f9718 mode 0
Event: 2.964 Thread 0x00000285301de800 Uncommon trap: trap_request=0xffffff45 fr.pc=0x00000285401f1410 relative=0x00000000000004d0
Event: 2.964 Thread 0x00000285301de800 Uncommon trap: reason=unstable_if action=reinterpret pc=0x00000285401f1410 method=java.lang.AbstractStringBuilder.append(Ljava/lang/String;)Ljava/lang/AbstractStringBuilder; @ 1 c2
Event: 2.964 Thread 0x00000285301de800 DEOPT PACKING pc=0x00000285401f1410 sp=0x000000c9f21fdd20
Event: 2.964 Thread 0x00000285301de800 DEOPT UNPACKING pc=0x000002853872912f sp=0x000000c9f21fdd08 mode 2

Classes unloaded (0 events):
No events

Classes redefined (0 events):
No events

Internal exceptions (20 events):
Event: 0.870 Thread 0x00000285301de800 Exception <a 'java/io/FileNotFoundException'{0x00000000c56b73b0}> (0x00000000c56b73b0) 
thrown [t:/workspace/open/src/hotspot/share/prims/jni.cpp, line 598]
Event: 0.878 Thread 0x00000285301de800 Exception <a 'java/io/FileNotFoundException'{0x00000000c56ddb50}> (0x00000000c56ddb50) 
thrown [t:/workspace/open/src/hotspot/share/prims/jni.cpp, line 598]
Event: 0.945 Thread 0x000002854d183800 Exception <a 'java/lang/NoSuchMethodError'{0x00000000c554cfd8}: 'void java.lang.invoke.DirectMethodHandle$Holder.invokeSpecial(java.lang.Object, java.lang.Object)'> (0x00000000c554cfd8) 
thrown [t:/workspace/open/src/hotspot/share/interpreter/linkResolver.cpp, line 767]
Event: 0.993 Thread 0x00000285301de800 Exception <a 'java/lang/NoSuchMethodError'{0x00000000c55b98c0}: 'java.lang.Object java.lang.invoke.DirectMethodHandle$Holder.invokeStatic(java.lang.Object, int, java.lang.Object, java.lang.Object, java.lang.Object, java.lang.Object)'> (0x00000000c55b98c0) 
thrown [t:/workspace/open/src/hotspot/share/interpreter/linkResolver.cpp, line 767]
Event: 0.994 Thread 0x00000285301de800 Exception <a 'java/lang/NoSuchMethodError'{0x00000000c55c0220}: 'java.lang.Object java.lang.invoke.DirectMethodHandle$Holder.invokeStatic(java.lang.Object, int, java.lang.Object, java.lang.Object, java.lang.Object)'> (0x00000000c55c0220) 
thrown [t:/workspace/open/src/hotspot/share/interpreter/linkResolver.cpp, line 767]
Event: 0.994 Thread 0x00000285301de800 Exception <a 'java/lang/NoSuchMethodError'{0x00000000c55c3a88}: 'java.lang.Object java.lang.invoke.DirectMethodHandle$Holder.invokeSpecial(java.lang.Object, java.lang.Object, int, java.lang.Object, java.lang.Object, java.lang.Object)'> (0x00000000c55c3a88) 
thrown [t:/workspace/open/src/hotspot/share/interpreter/linkResolver.cpp, line 767]
Event: 0.998 Thread 0x00000285301de800 Exception <a 'java/lang/NoSuchMethodError'{0x00000000c55da000}: 'java.lang.Object java.lang.invoke.DirectMethodHandle$Holder.invokeStatic(java.lang.Object, int, java.lang.Object)'> (0x00000000c55da000) 
thrown [t:/workspace/open/src/hotspot/share/interpreter/linkResolver.cpp, line 767]
Event: 1.034 Thread 0x00000285301de800 Exception <a 'java/lang/ClassNotFoundException'{0x00000000c5480be0}: com/sun/swing/internal/plaf/metal/resources/spi/metalProvider> (0x00000000c5480be0) 
thrown [t:/workspace/open/src/hotspot/share/classfile/systemDictionary.cpp, line 232]
Event: 1.036 Thread 0x00000285301de800 Exception <a 'java/lang/ClassNotFoundException'{0x00000000c5484ed8}: com/sun/swing/internal/plaf/basic/resources/spi/basicProvider> (0x00000000c5484ed8) 
thrown [t:/workspace/open/src/hotspot/share/classfile/systemDictionary.cpp, line 232]
Event: 1.153 Thread 0x00000285301de800 Exception <a 'java/lang/NoSuchMethodError'{0x00000000c532ac10}: 'void java.lang.invoke.DirectMethodHandle$Holder.invokeStaticInit(java.lang.Object)'> (0x00000000c532ac10) 
thrown [t:/workspace/open/src/hotspot/share/interpreter/linkResolver.cpp, line 767]
Event: 1.195 Thread 0x00000285301de800 Exception <a 'java/lang/NoSuchMethodError'{0x00000000c53c9c40}: 'java.lang.Object java.lang.invoke.Invokers$Holder.linkToTargetMethod(java.lang.Object, int, java.lang.Object)'> (0x00000000c53c9c40) 
thrown [t:/workspace/open/src/hotspot/share/interpreter/linkResolver.cpp, line 767]
Event: 1.484 Thread 0x00000285301de800 Exception <a 'java/lang/NoSuchMethodError'{0x00000000c50b4d00}: 'java.lang.Object java.lang.invoke.DirectMethodHandle$Holder.invokeStaticInit(java.lang.Object, int, int, int, int)'> (0x00000000c50b4d00) 
thrown [t:/workspace/open/src/hotspot/share/interpreter/linkResolver.cpp, line 767]
Event: 2.515 Thread 0x00000285301de800 Exception <a 'java/lang/NoSuchMethodError'{0x00000000c50f0130}: 'java.lang.Object java.lang.invoke.DirectMethodHandle$Holder.invokeStaticInit(java.lang.Object, java.lang.Object, int, int, int, int)'> (0x00000000c50f0130) 
thrown [t:/workspace/open/src/hotspot/share/interpreter/linkResolver.cpp, line 767]
Event: 2.822 Thread 0x00000285301de800 Exception <a 'java/io/FileNotFoundException'{0x00000000c5893a20}> (0x00000000c5893a20) 
thrown [t:/workspace/open/src/hotspot/share/prims/jni.cpp, line 598]
Event: 2.824 Thread 0x00000285301de800 Exception <a 'java/io/FileNotFoundException'{0x00000000c58948d8}> (0x00000000c58948d8) 
thrown [t:/workspace/open/src/hotspot/share/prims/jni.cpp, line 598]
Event: 2.964 Thread 0x00000285301de800 Implicit null exception at 0x00000285401f0f82 to 0x00000285401f13fa
Event: 2.964 Thread 0x00000285301de800 Exception <a 'java/io/FileNotFoundException'{0x00000000c5dc1298}> (0x00000000c5dc1298) 
thrown [t:/workspace/open/src/hotspot/share/prims/jni.cpp, line 598]
Event: 2.973 Thread 0x00000285301de800 Exception <a 'java/io/FileNotFoundException'{0x00000000c5dd6cf0}> (0x00000000c5dd6cf0) 
thrown [t:/workspace/open/src/hotspot/share/prims/jni.cpp, line 598]
Event: 2.976 Thread 0x00000285301de800 Exception <a 'java/io/FileNotFoundException'{0x00000000c5de67f0}> (0x00000000c5de67f0) 
thrown [t:/workspace/open/src/hotspot/share/prims/jni.cpp, line 598]
Event: 2.985 Thread 0x00000285301de800 Exception <a 'java/io/FileNotFoundException'{0x00000000c5dfaf58}> (0x00000000c5dfaf58) 
thrown [t:/workspace/open/src/hotspot/share/prims/jni.cpp, line 598]

Events (20 events):
Event: 3.130 Executing VM operation: RevokeBias
Event: 3.130 Executing VM operation: RevokeBias done
Event: 3.130 Executing VM operation: RevokeBias
Event: 3.130 Executing VM operation: RevokeBias done
Event: 3.130 Executing VM operation: RevokeBias
Event: 3.130 Executing VM operation: RevokeBias done
Event: 3.130 Executing VM operation: RevokeBias
Event: 3.131 Executing VM operation: RevokeBias done
Event: 3.131 Executing VM operation: RevokeBias
Event: 3.131 Executing VM operation: RevokeBias done
Event: 3.131 Executing VM operation: RevokeBias
Event: 3.131 Executing VM operation: RevokeBias done
Event: 3.131 Executing VM operation: RevokeBias
Event: 3.131 Executing VM operation: RevokeBias done
Event: 3.131 Executing VM operation: RevokeBias
Event: 3.131 Executing VM operation: RevokeBias done
Event: 3.131 Executing VM operation: RevokeBias
Event: 3.131 Executing VM operation: RevokeBias done
Event: 3.132 Executing VM operation: RevokeBias
Event: 3.132 Executing VM operation: RevokeBias done


Dynamic libraries:
0x00007ff641560000 - 0x00007ff64156f000 	C:\Program Files\Java\jdk-13.0.1\bin\java.exe
0x00007ffeaba90000 - 0x00007ffeabc85000 	C:\WINDOWS\SYSTEM32\ntdll.dll
0x00007ffea9b00000 - 0x00007ffea9bbd000 	C:\WINDOWS\System32\KERNEL32.DLL
0x00007ffea9620000 - 0x00007ffea98e8000 	C:\WINDOWS\System32\KERNELBASE.dll
0x00007ffea9490000 - 0x00007ffea9590000 	C:\WINDOWS\System32\ucrtbase.dll
0x00007ffea1650000 - 0x00007ffea1665000 	C:\Program Files\Java\jdk-13.0.1\bin\VCRUNTIME140.dll
0x00007ffe9cf10000 - 0x00007ffe9cf28000 	C:\Program Files\Java\jdk-13.0.1\bin\jli.dll
0x00007ffeab670000 - 0x00007ffeab71c000 	C:\WINDOWS\System32\ADVAPI32.dll
0x00007ffeab5d0000 - 0x00007ffeab66e000 	C:\WINDOWS\System32\msvcrt.dll
0x00007ffeaa6f0000 - 0x00007ffeaa78b000 	C:\WINDOWS\System32\sechost.dll
0x00007ffea9bc0000 - 0x00007ffea9ceb000 	C:\WINDOWS\System32\RPCRT4.dll
0x00007ffea9cf0000 - 0x00007ffea9e90000 	C:\WINDOWS\System32\USER32.dll
0x00007ffea9a30000 - 0x00007ffea9a52000 	C:\WINDOWS\System32\win32u.dll
0x00007ffeab720000 - 0x00007ffeab74a000 	C:\WINDOWS\System32\GDI32.dll
0x00007ffe9ee00000 - 0x00007ffe9f09a000 	C:\WINDOWS\WinSxS\amd64_microsoft.windows.common-controls_6595b64144ccf1df_6.0.19041.1052_none_60b8f8fd71f5e8cb\COMCTL32.dll
0x00007ffea9920000 - 0x00007ffea9a2b000 	C:\WINDOWS\System32\gdi32full.dll
0x00007ffea9a60000 - 0x00007ffea9afd000 	C:\WINDOWS\System32\msvcp_win.dll
0x00007ffe9f290000 - 0x00007ffe9f29a000 	C:\WINDOWS\SYSTEM32\VERSION.dll
0x00007ffeaa840000 - 0x00007ffeaa870000 	C:\WINDOWS\System32\IMM32.DLL
0x00007ffe76680000 - 0x00007ffe7671b000 	C:\Program Files\Java\jdk-13.0.1\bin\msvcp140.dll
0x00007ffe52e80000 - 0x00007ffe539e6000 	C:\Program Files\Java\jdk-13.0.1\bin\server\jvm.dll
0x00007ffeab900000 - 0x00007ffeab908000 	C:\WINDOWS\System32\PSAPI.DLL
0x00007ffe9bae0000 - 0x00007ffe9bae9000 	C:\WINDOWS\SYSTEM32\WSOCK32.dll
0x00007ffe9d880000 - 0x00007ffe9d8a7000 	C:\WINDOWS\SYSTEM32\WINMM.dll
0x00007ffeaa680000 - 0x00007ffeaa6eb000 	C:\WINDOWS\System32\WS2_32.dll
0x00007ffea7ec0000 - 0x00007ffea7ed2000 	C:\WINDOWS\SYSTEM32\kernel.appcore.dll
0x00007ffea1d70000 - 0x00007ffea1d80000 	C:\Program Files\Java\jdk-13.0.1\bin\verify.dll
0x00007ffea7a60000 - 0x00007ffea7c44000 	C:\WINDOWS\SYSTEM32\DBGHELP.DLL
0x00007ffe919b0000 - 0x00007ffe919dc000 	C:\WINDOWS\SYSTEM32\dbgcore.DLL
0x00007ffea9590000 - 0x00007ffea9613000 	C:\WINDOWS\System32\bcryptPrimitives.dll
0x00007ffe9c9f0000 - 0x00007ffe9ca16000 	C:\Program Files\Java\jdk-13.0.1\bin\java.dll
0x00007ffe9cd90000 - 0x00007ffe9cda7000 	C:\Program Files\Java\jdk-13.0.1\bin\zip.dll
0x00007ffea1cd0000 - 0x00007ffea1cda000 	C:\Program Files\Java\jdk-13.0.1\bin\jimage.dll
0x00007ffeaa8d0000 - 0x00007ffeab00f000 	C:\WINDOWS\System32\SHELL32.dll
0x00007ffea6f50000 - 0x00007ffea76e0000 	C:\WINDOWS\SYSTEM32\windows.storage.dll
0x00007ffea9fb0000 - 0x00007ffeaa305000 	C:\WINDOWS\System32\combase.dll
0x00007ffea8b70000 - 0x00007ffea8b9c000 	C:\WINDOWS\SYSTEM32\Wldp.dll
0x00007ffeaa790000 - 0x00007ffeaa83e000 	C:\WINDOWS\System32\SHCORE.dll
0x00007ffeaa870000 - 0x00007ffeaa8c5000 	C:\WINDOWS\System32\shlwapi.dll
0x00007ffea9110000 - 0x00007ffea912f000 	C:\WINDOWS\SYSTEM32\profapi.dll
0x00007ffe9ccd0000 - 0x00007ffe9cce9000 	C:\Program Files\Java\jdk-13.0.1\bin\net.dll
0x00007ffea13c0000 - 0x00007ffea14cb000 	C:\WINDOWS\SYSTEM32\WINHTTP.dll
0x00007ffea88e0000 - 0x00007ffea894a000 	C:\WINDOWS\system32\mswsock.dll
0x00007ffe9cb90000 - 0x00007ffe9cba3000 	C:\Program Files\Java\jdk-13.0.1\bin\nio.dll
0x00007ffea00c0000 - 0x00007ffea00c9000 	C:\Program Files\Java\jdk-13.0.1\bin\management.dll
0x00007ffe9f180000 - 0x00007ffe9f18b000 	C:\Program Files\Java\jdk-13.0.1\bin\management_ext.dll
0x00007ffe6e950000 - 0x00007ffe6eae9000 	C:\Program Files\Java\jdk-13.0.1\bin\awt.dll
0x00007ffeab7d0000 - 0x00007ffeab89d000 	C:\WINDOWS\System32\OLEAUT32.dll
0x00007ffea4de0000 - 0x00007ffea53a0000 	C:\WINDOWS\SYSTEM32\d2d1.dll
0x00007ffea6530000 - 0x00007ffea65c0000 	C:\WINDOWS\SYSTEM32\apphelp.dll
0x00007ffea6b60000 - 0x00007ffea6b8f000 	C:\WINDOWS\system32\DWMAPI.DLL
0x00007ffea6900000 - 0x00007ffea699e000 	C:\WINDOWS\system32\uxtheme.dll
0x00007ffe99d10000 - 0x00007ffe99e36000 	C:\WINDOWS\system32\opengl32.dll
0x00007ffe99fa0000 - 0x00007ffe99fcc000 	C:\WINDOWS\SYSTEM32\GLU32.dll
0x00007ffea9e90000 - 0x00007ffea9fa5000 	C:\WINDOWS\System32\MSCTF.dll
0x00007ffeab920000 - 0x00007ffeaba4a000 	C:\WINDOWS\System32\ole32.dll
0x00007ffe8cd60000 - 0x00007ffe8cde2000 	C:\Program Files\Java\jdk-13.0.1\bin\freetype.dll
0x00007ffe835c0000 - 0x00007ffe83666000 	C:\Program Files\Java\jdk-13.0.1\bin\fontmanager.dll
0x00007ffeaa310000 - 0x00007ffeaa3b9000 	C:\WINDOWS\System32\clbcatq.dll
0x00007ffe9d2f0000 - 0x00007ffe9d4a4000 	C:\WINDOWS\SYSTEM32\WindowsCodecs.dll
0x00007ffea98f0000 - 0x00007ffea9917000 	C:\WINDOWS\System32\bcrypt.dll
0x00007ffe8ade0000 - 0x00007ffe8ae1e000 	C:\WINDOWS\system32\dataexchange.dll
0x00007ffea5760000 - 0x00007ffea5946000 	C:\WINDOWS\system32\dcomp.dll
0x00007ffea41d0000 - 0x00007ffea4434000 	C:\WINDOWS\system32\d3d11.dll
0x00007ffea7860000 - 0x00007ffea7954000 	C:\WINDOWS\system32\dxgi.dll
0x00007ffea1fa0000 - 0x00007ffea21a1000 	C:\WINDOWS\system32\twinapi.appcore.dll
0x00007ffe9e480000 - 0x00007ffe9e579000 	C:\WINDOWS\SYSTEM32\textinputframework.dll
0x00007ffea5ae0000 - 0x00007ffea5e3e000 	C:\WINDOWS\System32\CoreUIComponents.dll
0x00007ffea62c0000 - 0x00007ffea63b2000 	C:\WINDOWS\System32\CoreMessaging.dll
0x00007ffea7f10000 - 0x00007ffea7f43000 	C:\WINDOWS\SYSTEM32\ntmarta.dll
0x00007ffea5590000 - 0x00007ffea56e4000 	C:\WINDOWS\SYSTEM32\wintypes.dll
0x00007ffea85d0000 - 0x00007ffea860b000 	C:\WINDOWS\SYSTEM32\IPHLPAPI.DLL
0x00007ffeab910000 - 0x00007ffeab918000 	C:\WINDOWS\System32\NSI.dll
0x00007ffea2930000 - 0x00007ffea2947000 	C:\WINDOWS\SYSTEM32\dhcpcsvc6.DLL
0x00007ffea25c0000 - 0x00007ffea25dd000 	C:\WINDOWS\SYSTEM32\dhcpcsvc.DLL
0x00007ffea8610000 - 0x00007ffea86dc000 	C:\WINDOWS\SYSTEM32\DNSAPI.dll
0x00007ffea8ab0000 - 0x00007ffea8ac8000 	C:\WINDOWS\SYSTEM32\CRYPTSP.dll
0x00007ffea8280000 - 0x00007ffea82b4000 	C:\WINDOWS\system32\rsaenh.dll
0x00007ffea90d0000 - 0x00007ffea90fe000 	C:\WINDOWS\SYSTEM32\USERENV.dll
0x00007ffea8ad0000 - 0x00007ffea8adc000 	C:\WINDOWS\SYSTEM32\CRYPTBASE.dll
0x00007ffe85160000 - 0x00007ffe85177000 	C:\WINDOWS\system32\napinsp.dll
0x00007ffe82c30000 - 0x00007ffe82c4b000 	C:\WINDOWS\system32\pnrpnsp.dll
0x00007ffea3ce0000 - 0x00007ffea3cf5000 	C:\WINDOWS\system32\wshbth.dll
0x00007ffea4a10000 - 0x00007ffea4a2d000 	C:\WINDOWS\system32\NLAapi.dll
0x00007ffe82b60000 - 0x00007ffe82b72000 	C:\WINDOWS\System32\winrnr.dll
0x00007ffe9f8b0000 - 0x00007ffe9f8ba000 	C:\Windows\System32\rasadhlp.dll
0x00007ffe9f6b0000 - 0x00007ffe9f72f000 	C:\WINDOWS\System32\fwpuclnt.dll
0x0000000180000000 - 0x0000000180025000 	C:\Program Files\Java\jdk-13.0.1\bin\rxtxSerial.dll

dbghelp: loaded successfully - version: 4.0.5 - missing functions: none
symbol engine: initialized successfully - sym options: 0x614 - pdb path: .;C:\Program Files\Java\jdk-13.0.1\bin;C:\WINDOWS\SYSTEM32;C:\WINDOWS\WinSxS\amd64_microsoft.windows.common-controls_6595b64144ccf1df_6.0.19041.1052_none_60b8f8fd71f5e8cb;C:\Program Files\Java\jdk-13.0.1\bin\server

VM Arguments:
jvm_args: -Dfile.encoding=windows-1252 -Duser.country=BR -Duser.language=pt -Duser.variant 
java_command: jacamo.infra.JaCaMoLauncher architecture_1.jcm
java_class_path (initial): C:\Users\vitor furio\Desktop\UFSC\Iniciação Cientifica\embedded-mas\examples\jacamo\architecture\architecture_2\build\classes\java\main;C:\Users\vitor furio\Desktop\UFSC\Iniciação Cientifica\embedded-mas\examples\jacamo\architecture\architecture_2\build\resources\main;C:\Users\vitor furio\.gradle\caches\modules-2\files-2.1\org.jacamo\jacamo\0.10-SNAPSHOT\df457b7d52ce15901852040b5f6858a0ccd92c2f\jacamo-0.10-SNAPSHOT.jar;C:\Users\vitor furio\.gradle\caches\modules-2\files-2.1\embedded-mas\embedded-mas\0.02706-SNAPSHOT\852cd3f4d7375428ede6ed51768e1caa618b7f3b\embedded-mas-0.02706-SNAPSHOT.jar;C:\Users\vitor furio\.gradle\caches\modules-2\files-2.1\javard\javard\0.027-SNAPSHOT\73d0a8a2fb6c688f90b78bf8ef08b652c3aebf45\javard-0.027-SNAPSHOT.jar;C:\Users\vitor furio\.gradle\caches\modules-2\files-2.1\org.rxtx\rxtx\2.1.7\e96c946be1e6537378fd532d2742b523df2725a4\rxtx-2.1.7.jar;C:\Users\vitor furio\.gradle\caches\modules-2\files-2.1\org.jacamo\npl\0.5\f2aa18d72760bbc4963f47feddc7456e99a01cf3\npl-0.5.jar;C:\Users\vitor furio\.gradle\caches\modules-2\files-2.1\org.jacamo\intmas\1.0.0\d2a9bff5c612157b1b9a4270c632d3e2a67e7fbb\intmas-1.0.0.jar;C:\Users\vitor furio\.gradle\caches\modules-2\files-2.1\org.jacamo\sai\0.4\4882092d27112e8eadec4d8777bd6a6aa5818422\sai-0.4.jar;C:\Users\vitor furio\.gradle\caches\modules-2\files-2.1\org.antlr\antlr4\4.8\c5902f3079595a5e73dd6b008340a8197ee1aeda\antlr4-4.8.jar;C:\Users\vitor furio\.gradle\caches\modules-2\files-2.1\org.slf4j\slf4j-nop\1.7.30\55d4c73dd343efebd236abfeb367c9ef41d55063\slf4j-nop-1.7.30.jar;C:\Users\vitor furio\.gradle\caches\modules-2\files-2.1\org.jason\jason\2.6-SNAPSHOT\b33fda0000a7c13b4ebb1a5de918a2bc20476474\jason-2.6-SNAPSHOT.jar;C:\Users\vitor furio\.gradle\caches\modules-2\files-2.1\net.sf.ingenias\jade\4.3\2cf02ba26058230c72da969100a3c2e2e7f06628\jade-4.3.jar;C:\Users\vitor furio\.gradle\caches\modules-2\files-2.1\org.apache.ant\ant\1.10.5\4a48332c2df6f535d9dd9d904cd780ab26266e20\ant-1.10.5.
Launcher Type: SUN_STANDARD

[Global flags]
     intx CICompilerCount                          = 3                                         {product} {ergonomic}
     uint ConcGCThreads                            = 1                                         {product} {ergonomic}
     uint G1ConcRefinementThreads                  = 4                                         {product} {ergonomic}
   size_t G1HeapRegionSize                         = 1048576                                   {product} {ergonomic}
    uintx GCDrainStackTargetSize                   = 64                                        {product} {ergonomic}
   size_t InitialHeapSize                          = 65011712                                  {product} {ergonomic}
   size_t MarkStackSize                            = 4194304                                   {product} {ergonomic}
   size_t MaxHeapSize                              = 1040187392                                {product} {ergonomic}
   size_t MaxNewSize                               = 623902720                                 {product} {ergonomic}
   size_t MinHeapDeltaBytes                        = 1048576                                   {product} {ergonomic}
   size_t MinHeapSize                              = 8388608                                   {product} {ergonomic}
    uintx NonNMethodCodeHeapSize                   = 5830732                                {pd product} {ergonomic}
    uintx NonProfiledCodeHeapSize                  = 122913754                              {pd product} {ergonomic}
    uintx ProfiledCodeHeapSize                     = 122913754                              {pd product} {ergonomic}
    uintx ReservedCodeCacheSize                    = 251658240                              {pd product} {ergonomic}
     bool SegmentedCodeCache                       = true                                      {product} {ergonomic}
   size_t SoftMaxHeapSize                          = 1040187392                             {manageable} {ergonomic}
     bool UseCompressedClassPointers               = true                                 {lp64_product} {ergonomic}
     bool UseCompressedOops                        = true                                 {lp64_product} {ergonomic}
     bool UseG1GC                                  = true                                      {product} {ergonomic}
     bool UseLargePagesIndividualAllocation        = false                                  {pd product} {ergonomic}

Logging:
Log output configuration:
 #0: stdout all=warning uptime,level,tags
 #1: stderr all=off uptime,level,tags

Environment Variables:
JAVA_HOME=C:\Program Files\Java\jdk-13.0.1
CLASSPATH=C:\Users\vitor furio\Desktop\UFSC\Iniciação Cientifica\embedded-mas\examples\jacamo\architecture\architecture_2\\gradle\wrapper\gradle-wrapper.jar
PATH=C:\Program Files (x86)\NVIDIA Corporation\PhysX\Common;C:\Program Files (x86)\Intel\Intel(R) Management Engine Components\iCLS\;C:\Program Files\Intel\Intel(R) Management Engine Components\iCLS\;C:\WINDOWS\system32;C:\WINDOWS;C:\WINDOWS\System32\Wbem;C:\WINDOWS\System32\WindowsPowerShell\v1.0\;C:\WINDOWS\System32\OpenSSH\;C:\Program Files (x86)\Intel\Intel(R) Management Engine Components\DAL;C:\Program Files\Intel\Intel(R) Management Engine Components\DAL;C:\Program Files (x86)\Intel\Intel(R) Management Engine Components\IPT;C:\Program Files\Intel\Intel(R) Management Engine Components\IPT;C:\Program Files\Microsoft SQL Server\Client SDK\ODBC\110\Tools\Binn\;C:\Program Files (x86)\Microsoft SQL Server\120\Tools\Binn\;C:\Program Files\Microsoft SQL Server\120\Tools\Binn\;C:\Program Files\Microsoft SQL Server\120\DTS\Binn\;C:\Program Files (x86)\Windows Kits\8.1\Windows Performance Toolkit\;C:\Program Files\Git\cmd;C:\Program Files\Java\jdk-13.0.1\bin;C:\Program Files\dotnet\;C:\Program Files\Microsoft SQL Server\130\Tools\Binn\;C:\Program Files\Microsoft SQL Server\Client SDK\ODBC\170\Tools\Binn\;C:\Program Files\PuTTY\;C:\Program Files\MySQL\MySQL Shell 8.0\bin\;C:\Users\vitor furio\AppData\Local\Programs\Python\Python37-32\Scripts\;C:\Users\vitor furio\AppData\Local\Programs\Python\Python37-32\;C:\Users\vitor furio\AppData\Local\Microsoft\WindowsApps;C:\Program Files\Maven\bin;C:\Program Files\Java\jdk-13.0.1\bin;C:\Users\vitor furio\AppData\Local\Programs\Julia 1.5.1\bin;C:\Program Files\Java\gradle-6.7.1\bin;
USERNAME=vitor furio
OS=Windows_NT
PROCESSOR_IDENTIFIER=Intel64 Family 6 Model 78 Stepping 3, GenuineIntel



---------------  S Y S T E M  ---------------

OS: Windows 10 , 64 bit Build 19041 (10.0.19041.1023)

CPU:total 4 (initial active 4) (2 cores per cpu, 2 threads per core) family 6 model 78 stepping 3, cmov, cx8, fxsr, mmx, sse, sse2, sse3, ssse3, sse4.1, sse4.2, popcnt, avx, avx2, aes, clmul, erms, 3dnowpref, lzcnt, ht, tsc, tscinvbit, bmi1, bmi2, adx, fma

Memory: 4k page, system-wide physical 3962M (372M free)
TotalPageFile size 10106M (AvailPageFile size 2774M)
current process WorkingSet (physical memory assigned to process): 95M, peak: 95M
current process commit charge ("private bytes"): 166M, peak: 166M

vm_info: Java HotSpot(TM) 64-Bit Server VM (13.0.1+9) for windows-amd64 JRE (13.0.1+9), built on Oct  6 2019 12:37:49 by "mach5one" with unknown MS VC++:1916

END.
